<project xmlns:c="antlib:it.haefelinger.flaka" default="test-case">
<target name="test-case">
	<delete dir="tmp" />
  <mkdir dir="tmp" />
  <echo message="hello world" file="tmp/greeting.txt" />
  <c:cat src="tmp/greeting.txt" />
  <c:trycatch>
    <try>
      <delete file="g.txt" />
      <c:cat src="g.txt" />
      <fail message="cat does not throw exception" />
    </try>
    <catch type="*" match="*">
    </catch>
  </c:trycatch>
</target>
</project>