<project xmlns:c="antlib:it.haefelinger.flaka">
<target name="test-case">
 
  <c:let>
    _var_ = 'list'
  </c:let>
  <c:echo>
    #{_var_}
  </c:echo>
  <c:list var=" #{ _var_} ">
    file('.')
    ;; each line is a EL expression
    3 * 5
    '.'.tofile.list
  </c:list>

  <c:for var="item" in=" #{_var_} ">
    <c:echo>
      #{item}  | type = #{ typeof(item) }
    </c:echo>
    <c:let>
      typstr = concat(typstr,typeof(item))
      x = typeof(item)
    </c:let>
  </c:for>
  <echo />
  <c:echo shift="30%">=</c:echo>
  <c:echo>
  got |#{typstr}|
  </c:echo>
 
    <c:when test=" typstr != 'FileIntegerIterable ">  
       <fail message="expected: FileIntegerIterable" />
    </c:when>
</target>
 </project>