<project xmlns:c="antlib:it.haefelinger.flaka" name="PROJECT NAME">
<target name="test-case">
  <description>
    Test (E)expression (L)angugage
  </description>

  <c:let>
    a = 1 == 1
    b = 'aa' == 'aa'
    c = 1 != 1
    d = 'a' != 'a'
  </c:let>

  <macrodef name="assert-true">
    <attribute name="cond" />
    <sequential>
      <c:choose>
        <c:when test="@{cond}">
        </c:when>
        <c:otherwise>
          <fail message=" condition '@{cond}' expected evaluate to true" />
        </c:otherwise>
      </c:choose>
    </sequential>
  </macrodef>
  
  <macrodef name="assert-false">
    <attribute name="cond" />
    <sequential>
      <c:choose>
        <c:when test="@{cond}">
          <fail message=" condition '@{cond}' expected evaluate to false" />
        </c:when>
        <c:otherwise>
        </c:otherwise>
      </c:choose>
    </sequential>
  </macrodef>
  <assert-true cond=" 1 == 1 " />
  <assert-true cond=" 'a' == 'a' " />
  <assert-true cond=" true == true " />
  <assert-true cond=" false == false " />

  <assert-false cond=" 1 == 2 " />
  <assert-false cond=" 'a' == 'b' " />
  <assert-false cond=" true == false " />


</target>
</project>