<project default="test-case" name="tryme" xmlns:c="antlib:it.haefelinger.flaka">

	<typedef name="elreferences" classname="it.haefelinger.flaka.prop.PropertyHelper12" />

	<propertyhelper>
		<elreferences />
	</propertyhelper>

	<target name="test-case">
		<echo>
      #{ format("%s",'hello'.toupper) }
    </echo>
		<property name="p0" value="#{ format('%s','hello'.toupper) }" />
		<c:expect pname="p0" value="HELLO" />
	</target>

</project>
