<project xmlns:c="antlib:it.haefelinger.flaka">
  <!--::::::::::::::::::::::::::::::::::::::::::::::::::::::::::::::::::::::::-->
<target name="test-case">
  <!-- Initial test to check whether set/unset works properly. Both tasks are -->
  <!-- used to determine whether trycatch/throw works as expected.            -->
  <!--::::::::::::::::::::::::::::::::::::::::::::::::::::::::::::::::::::::::-->
  
  <fail message="[a] ** property 'mustbeset' already defined??" if="mustbeset"/>
  <property name="mustbeset" value="" />
  <fail message="[b] ** property 'mustbeset' not defined as expected ??" unless="mustbeset"/>

  <macrodef name="fail-if-undefined">
    <attribute name="property" />
    <sequential>
      <fail message="property @{property} not defined" unless="@{property}" />
    </sequential>
  </macrodef>
  
  <macrodef name="fail-if-defined">
    <attribute name="property" />
    <sequential>
      <fail message="property @{property} defined" if="@{property}" />
    </sequential>
  </macrodef>

  <!--::::::::::::::::::::::::::::::::::::::::::::::::::::::::::::::::::::::::-->
  <!-- Tests are starting here ..                                             -->
  <!--::::::::::::::::::::::::::::::::::::::::::::::::::::::::::::::::::::::::-->
  <c:unset>
  	mustbeset
  	mustbeset2
  </c:unset>
  <fail-if-defined property="mustbeset" />
  <fail-if-defined property="mustbeset2" />
	
	
  <c:trycatch property="trycatch.errmsg">
    <try>
      <c:trycatch>
        <try>
          <fail message="4711" />
        </try>
        <catch>
          <property name="before-throw" value="true"/>
          <c:throw />
          <property name="after-throw" value="true"/>
        </catch>
        <finally>
          <property name="finally" value="true"/>
        </finally>
      </c:trycatch>
    </try>
    <catch match="*4711*">
      <echo>errmsg = |${trycatch.errmsg}|</echo>
      <property name="4711" value="true"/>
    </catch>
    <catch>
      <fail message="error in throw .." />
    </catch>
    <finally>
      <fail-if-undefined property="before-throw" />
      <fail-if-undefined property="finally" />
      <fail-if-undefined property="4711" />
      <fail-if-defined property="after-throw" />
    </finally>
  </c:trycatch>
</target>
</project>
