<project xmlns:c="antlib:it.haefelinger.flaka">
<target name="test-case">

  <c:rescue>
    <vars>
      #{'v0'}
    </vars>
    <properties>
      p0
    </properties>
    <property name="another-property" value="true" />
    <sequential>
      <property name="p0" value="true" />
      <c:let>
        v0 = 3*5
     </c:let>
     <property name="wish-you-where-here" value="true"/>
    </sequential>
  </c:rescue>
 
  <!--  ensure that body got executed -->
  <fail unless="wish-you-where-here" />
  <fail unless="another-property" />
 
  <!--  neither v0 nor p0 existed before this block -->
  <c:fail if="p0" />
  <c:fail test="has.var.v0" />

  <!--  again, this define we check whether values are  -->
  <!--  restored -->

  <c:let>
    v1 = 3 * 5
    p1 := 'hello'
  </c:let>
  <c:fail unless="p1" />
  <c:fail test="not has.var.v1" />
  <c:fail test="property.p1 != 'hello'" />
  <c:fail test="var.v1 != 15"/>
  
  <c:rescue>
    <vars>
      v1
    </vars>
    <properties>
      p1
    </properties>
    <sequential>
      <property name="p1" value="foobar" />
      <c:let>
        v1 = 0
     </c:let>
    </sequential>
  </c:rescue>
  
  <c:fail unless="p1" />
  <c:fail test="not has.var.v1" />
  <c:fail test="property.p1 != 'hello'" />
  <c:fail test="var.v1 != 15"/>
</target> 

</project>