<project xmlns:c="antlib:it.haefelinger.flaka">
<target name="test-case">

  <c:xmlmerge
      dst = "-"
      src = "test/xmlmerge"
      pattern = "*.xml"
      />

</target>
</project>
