<project default="test-case" name="tryme" xmlns:c="antlib:it.haefelinger.flaka" xmlns:f="antlib:it.haefelinger.flaka.prop">

  <propertyhelper>
    <f:elreferences />
  </propertyhelper>

  <target name="test-case">
    <echo>
      #{ format("%s",'hello'.toupper) }
    </echo>
  	<property name="p0" value="#{ format('%s','hello'.toupper) }" />
  	<c:expect pname="p0" value="HELLO" />
  </target>

</project>
