<project xmlns:c="antlib:it.haefelinger.flaka">
<target name="test-case">
  <c:fail test="3 * 5 != 15" if="p"/>
</target>
</project>