<project xmlns:c="antlib:it.haefelinger.flaka">
<target name="test-case">
  <property name="var.dir" value="${basedir}/../build/var" />
  <mkdir dir="${var.dir}" />
  <property name="folder" value="${var.dir}/removeme" />
  <delete dir="${folder}" />
  <c:when test=" '${folder}'.tofile.exists " >
   <fail message="folder removeme exist." />
  </c:when>
  <!--  arguments are relative to BASEDIR (usually build script folder) -->
  <c:copy-and-replace src="testdata" dst="${folder}" />
  <c:unless test=" '${folder}'.tofile.exists " >
    <fail message="folder ${folder} not created." />
  </c:unless>
  <!-- TODO: check that files are equal -->
</target>
</project>