<project xmlns:c="antlib:it.haefelinger.flaka" default="test-case">
	<description>
	 Test whether properties survive a propertyhelper switch ..
	</description>
	<macrodef name="reset">
		<sequential>
			<c:unset>
	        p
	        p0
	        p1
	        p2
	        p3
	        p4
	        p5
	        p6
	        p7
	        p8
	        p9
	        pa
	        pb
	        pc
	     </c:unset>
		</sequential>
	</macrodef>
<c:install-property-handler />
	<target name="test-case">
		<reset />
		<property name="woha" value="woha" />
		
		<c:let>
	    p0 := nativetype( project.references['ant.PropertyHelper'] )
	    p1 := 'hello'
	  </c:let>
		<c:choose>
			<when test=" property.flaka_ant18_or_newer">
				<c:expect pname="p0" value="it.haefelinger.flaka.prop.PropertyHelper12" />
			</when>
			<otherwise>
				<c:expect pname="p0" value="it.haefelinger.flaka.prop.PropertyHelper10" />
			</otherwise>
		</c:choose>
		<c:expect pname="p1" value="hello" />
		<!--  Test whether properties do survive change of property helper -->
		<c:expect pname="woha" value="woha" />
	</target>

	
</project>