<project xmlns:c="antlib:it.haefelinger.flaka">
<target name="test-case">
	<presetdef name="when">
		<c:when debug="true" />
  </presetdef>
	<property name="bar" value="true" />

	<when test=" property.foo ">
		<fail message="property foo does not exist: foo=#{foo}" />
	</when>
	<when test="not property.bar">
		<fail message="property bar does exist: bar=${bar}" />
	</when>
	<c:unless test="property.bar">
		<fail message="but property bar does exist: bar=${bar}" />
	</c:unless>
	<when test=" not 'true' ">
		<fail message="'true' does not eval to true" />
	</when>
	<when test=" '' ">
		<fail message="empty string does not eval to false" />
	</when>
	<c:unless test="  true  ">
		<fail message="true (keyword) does not eval to true" />
	</c:unless>
	<when test="not 'a b c' ">
		<fail message=" 'a b c' evaluating to false" />
	</when>
	<c:let>
		f = ''.tofile
	</c:let>
	<when test="not f">
		<fail message=" f evaluates to false??" />
	</when>
</target>
</project>