<project xmlns:c="antlib:it.haefelinger.flaka" xmlns:au="antlib:org.apache.ant.antunit">
  <description>
    Test whether "unset" works.
  </description>
  
  <macrodef name="precond">
    <sequential>
      <!-- make sure that none of this properties exist -->
      <fail if="p0x1" message="[0]" />
      <fail if="p0x2" message="[1]" />
      <fail if="p0x3" message="[2]" />
      <fail if="p0x4" message="[3]" />
      <fail if="p0x5" message="[4]" />
    </sequential>
  </macrodef>

  <macrodef name="postcond">
    <sequential>
      <!-- same as precond -->
      <precond />
    </sequential>
  </macrodef>

  <macrodef name="testcase">
    <sequential>
      <!-- Define properties - various ways -->
      <c:properties>
        ;; comment \
        cont \\
        p0x1 = p0x1
      </c:properties>
      <property name="p0x2" value="p0x2" />
      <c:let>
        p0x3 := 'p0x3'
        p0x4 ::= #{'p0x4'}
      </c:let>
    	<property name="p0x5" value="p0x5" />
      <!-- Test -->
      <fail unless="p0x1" message="[1]"/>
      <fail unless="p0x2" message="[2]" />
      <fail unless="p0x3" message="[3]" />
      <fail if="p0x4" />
      <fail unless="p0x5" />
      <c:unset>
        ;; comment
        #{'p0x1'}
        p0x2
        ;; comment \
        continued
        p0x3
        ;; not \
        continued \\
        p0x4
      	p0\
      	 x5
      
      </c:unset>
    </sequential>
  </macrodef>


  <target name="test-unset-0b">
    <precond />
    <testcase />
    <postcond />
  </target>

  <target name="test-unset-0a">
    <c:install-property-handler />
    <precond />
    <testcase />
    <postcond />
  </target>
</project>