<project default="test-case" name="tryme" xmlns:c="antlib:it.haefelinger.flaka" xmlns:f="antlib:it.haefelinger.flaka.prop">

  <propertyhelper>
    <f:elexpander />
  </propertyhelper>

  <target name="test-case">
  	<property name="hello" value="HELLO" />
    <echo>
      ${ hello }
    </echo>
  	<property name="p0" value="${ hello }" />
 	<c:expect pname="p0" value="HELLO" />
  	
  	<property name="p1" value="${ hello}" />
  	<c:expect pname="p1" value="HELLO" />
 	
	<property name="p2" value="${hello }" />
  	<c:expect pname="p2" value="HELLO" />
  	
	<property name="p3" value="${hello}" />
  	<c:expect pname="p3" value="HELLO" />

  </target>

</project>
