<project xmlns:c="antlib:it.haefelinger.flaka">
<target name="test-case">
  <c:let>
      basefolder = '${ant.file}'.tofile.parent
  </c:let>
  <c:echo>
    basefolder = #{basefolder}
  </c:echo>
  <c:find dir=" basefolder " />
 
</target>
</project>
